Guild: Accusers of da Brethren
Channel found. Bot running in admins-only.
Kicking Dyno#3861
Kicking The17thCoolestName#4310
Kicking Mikey mouse#5651
Kicking rex#5571
Kicking donymck#7724
Kicking OwnCash2717408#0909
Kicking slayer#0140
Kicking Huevos For Sale#6124
Kicking IfooledU7#3174
Kicking OctoberxLive#4988
Kicking LittleGamer729#3727
Kicking jk brando jk#1694
Kicking Neogalik#5952
Kicking Izzy#2781
Kicking Forever Sourin#7715
Kicking LeonardosSupper#2783
Kicking Yoshikage Kira#6449
Kicking Dayday5290#4265
Kicking X AM DADDY X209#4359
Kicking kayla🍞✨#8184
Kicking Fenrirsúlfr#7156
Kicking iMuxtang#7098
Kicking Jag#7015
Kicking Ike RageEdge#7668
Kicking Mark M.#5753
Kicking Icyiannaa#4151
Kicking Im mad weak#1412
27 members pruned for 30 days of inactivity
Guild: Accusers of da Brethren
Channel found. Bot running in admins-only.
